C:\USERS\S@SUKE\DESKTOP\BABEL\CLIENT.EXE
C:\USERS\S@SUKE\DESKTOP\BABEL\CLIENT.ILK
C:\USERS\S@SUKE\DESKTOP\BABEL\CLIENT.PDB
C:\USERS\S@SUKE\DESKTOP\BABEL\CLIENT\DEBUG\BABEL.OBJ
C:\USERS\S@SUKE\DESKTOP\BABEL\CLIENT\DEBUG\BABELADDCONTACT.OBJ
C:\USERS\S@SUKE\DESKTOP\BABEL\CLIENT\DEBUG\BABELCONFSERVER.OBJ
C:\USERS\S@SUKE\DESKTOP\BABEL\CLIENT\DEBUG\BABELHOME.OBJ
C:\Users\S@suke\Desktop\Babel\Client\Debug\cl.command.1.tlog
C:\Users\S@suke\Desktop\Babel\Client\Debug\CL.read.1.tlog
C:\Users\S@suke\Desktop\Babel\Client\Debug\CL.write.1.tlog
C:\USERS\S@SUKE\DESKTOP\BABEL\CLIENT\DEBUG\CLIENT.EXE.INTERMEDIATE.MANIFEST
C:\Users\S@suke\Desktop\Babel\Client\Debug\custombuild.command.1.tlog
C:\Users\S@suke\Desktop\Babel\Client\Debug\custombuild.read.1.tlog
C:\Users\S@suke\Desktop\Babel\Client\Debug\custombuild.write.1.tlog
C:\Users\S@suke\Desktop\Babel\Client\Debug\link.command.1.tlog
C:\Users\S@suke\Desktop\Babel\Client\Debug\link.read.1.tlog
C:\Users\S@suke\Desktop\Babel\Client\Debug\link.read.2.tlog
C:\Users\S@suke\Desktop\Babel\Client\Debug\link.write.1.tlog
C:\USERS\S@SUKE\DESKTOP\BABEL\CLIENT\DEBUG\MAIN.OBJ
C:\USERS\S@SUKE\DESKTOP\BABEL\CLIENT\DEBUG\MOC_BABEL.OBJ
C:\USERS\S@SUKE\DESKTOP\BABEL\CLIENT\DEBUG\MOC_BABELCONFSERVER.OBJ
C:\Users\S@suke\Desktop\Babel\Client\Debug\mt.command.1.tlog
C:\Users\S@suke\Desktop\Babel\Client\Debug\mt.read.1.tlog
C:\Users\S@suke\Desktop\Babel\Client\Debug\mt.write.1.tlog
C:\USERS\S@SUKE\DESKTOP\BABEL\CLIENT\DEBUG\VC100.PDB
C:\USERS\S@SUKE\DESKTOP\BABEL\CLIENT\GENERATEDFILES\DEBUG\MOC_BABEL.CPP
C:\USERS\S@SUKE\DESKTOP\BABEL\CLIENT\GENERATEDFILES\DEBUG\MOC_BABELCONFSERVER.CPP
C:\USERS\S@SUKE\DESKTOP\BABEL\CLIENT\GENERATEDFILES\UI_BABELADDCONTACT.H
C:\USERS\S@SUKE\DESKTOP\BABEL\CLIENT\GENERATEDFILES\UI_BABELCLIENTDESIGN.H
C:\USERS\S@SUKE\DESKTOP\BABEL\CLIENT\GENERATEDFILES\UI_BABELCONFSERVER.H
C:\USERS\S@SUKE\DESKTOP\BABEL\CLIENT\GENERATEDFILES\UI_BABELDESIGN.H
